Arguments:
  /usr/local/bin/node /usr/local/bin/yarn add antd

PATH:
  /usr/local/bin:/usr/bin:/bin:/usr/sbin:/sbin

Yarn version:
  0.20.3

Node version:
  8.9.3

Platform:
  darwin x64

npm manifest:
  {
    "private": true,
    "scripts": {
      "start": "roadhog server",
      "build": "roadhog build",
      "lint": "eslint --ext .js src test",
      "precommit": "npm run lint"
    },
    "dependencies": {
      "dva": "^2.4.1",
      "react": "^16.2.0",
      "react-dom": "^16.2.0"
    },
    "devDependencies": {
      "babel-plugin-dva-hmr": "^0.3.2",
      "eslint": "^4.14.0",
      "eslint-config-umi": "^0.1.1",
      "eslint-plugin-flowtype": "^2.34.1",
      "eslint-plugin-import": "^2.6.0",
      "eslint-plugin-jsx-a11y": "^5.1.1",
      "eslint-plugin-react": "^7.1.0",
      "husky": "^0.12.0",
      "redbox-react": "^1.4.3",
      "roadhog": "^2.0.0"
    }
  }

yarn manifest:
  No manifest

Lockfile:
  No lockfile

Trace:
  Error: ENOENT: no such file or directory, open '/Users/zhongzihuan/workplace/coder/react-coder/dva-count/node_modules/@babel/core/node_modules/ms/DemoBPage.js'
